<?xml version="1.0" encoding="UTF-8"?>
<!-- Generated by org.testng.reporters.JUnitReportReporter -->
<testsuite hostname="LIN19002568" failures="0" tests="1" name="tests.ThreeTest" time="13.637" errors="0" timestamp="2023-07-04T13:26:42 IST" skipped="0">
  <testcase classname="tests.ThreeTest" name="testThree" time="13.637"/>
  <system-out/>
</testsuite> <!-- tests.ThreeTest -->
