<?xml version="1.0" encoding="UTF-8"?>
<!-- Generated by org.testng.reporters.JUnitReportReporter -->
<testsuite hostname="LIN19002568" failures="0" tests="1" name="tests.TwoTest" time="14.426" errors="0" timestamp="2023-07-04T13:26:42 IST" skipped="0">
  <testcase classname="tests.TwoTest" name="testTwo" time="14.426"/>
  <system-out/>
</testsuite> <!-- tests.TwoTest -->
